0 info it worked if it ends with ok
1 verbose cli [ 'node', '/usr/local/bin/npm', 'info', 'modui-popu' ]
2 info using npm@1.4.28
3 info using node@v0.10.32
4 verbose request where is /modui-popu
5 verbose request registry https://registry.npmjs.org/
6 verbose request id 7cc027a177c64a19
7 verbose url raw /modui-popu
8 verbose url resolving [ 'https://registry.npmjs.org/', './modui-popu' ]
9 verbose url resolved https://registry.npmjs.org/modui-popu
10 verbose request where is https://registry.npmjs.org/modui-popu
11 info trying registry request attempt 1 at 00:36:23
12 http GET https://registry.npmjs.org/modui-popu
13 http 404 https://registry.npmjs.org/modui-popu
14 verbose headers { date: 'Thu, 13 Nov 2014 08:36:23 GMT',
14 verbose headers   server: 'CouchDB/1.5.0 (Erlang OTP/R16B03)',
14 verbose headers   'content-type': 'application/json',
14 verbose headers   'cache-control': 'max-age=0',
14 verbose headers   'content-length': '52',
14 verbose headers   'accept-ranges': 'bytes',
14 verbose headers   via: '1.1 varnish',
14 verbose headers   age: '0',
14 verbose headers   'x-served-by': 'cache-lax1432-LAX',
14 verbose headers   'x-cache': 'MISS',
14 verbose headers   'x-cache-hits': '0',
14 verbose headers   'x-timer': 'S1415867783.516051,VS0,VE47',
14 verbose headers   'keep-alive': 'timeout=10, max=50',
14 verbose headers   connection: 'Keep-Alive' }
15 silly registry.get cb [ 404,
15 silly registry.get   { date: 'Thu, 13 Nov 2014 08:36:23 GMT',
15 silly registry.get     server: 'CouchDB/1.5.0 (Erlang OTP/R16B03)',
15 silly registry.get     'content-type': 'application/json',
15 silly registry.get     'cache-control': 'max-age=0',
15 silly registry.get     'content-length': '52',
15 silly registry.get     'accept-ranges': 'bytes',
15 silly registry.get     via: '1.1 varnish',
15 silly registry.get     age: '0',
15 silly registry.get     'x-served-by': 'cache-lax1432-LAX',
15 silly registry.get     'x-cache': 'MISS',
15 silly registry.get     'x-cache-hits': '0',
15 silly registry.get     'x-timer': 'S1415867783.516051,VS0,VE47',
15 silly registry.get     'keep-alive': 'timeout=10, max=50',
15 silly registry.get     connection: 'Keep-Alive' } ]
16 error 404 404 Not Found: modui-popu
16 error 404
16 error 404 'modui-popu' is not in the npm registry.
16 error 404 You should bug the author to publish it
16 error 404
16 error 404 Note that you can also install from a
16 error 404 tarball, folder, or http url, or git url.
17 error System Darwin 14.0.0
18 error command "node" "/usr/local/bin/npm" "info" "modui-popu"
19 error cwd /Users/david_beck/Documents/git/modui-popup
20 error node -v v0.10.32
21 error npm -v 1.4.28
22 error code E404
23 verbose exit [ 1, true ]
